<?xml version="1.0" encoding="UTF-8"?>
<testsuite xmlns:xsi="http://www.w3.org/2001/XMLSchema-instance" xsi:noNamespaceSchemaLocation="https://maven.apache.org/surefire/maven-surefire-plugin/xsd/surefire-test-report.xsd" name="edu.pdx.cs410J.hui2.PhoneCallTest" time="0.1" tests="3" errors="0" skipped="0" failures="1">
  <properties>
[...]
</properties>
  <testcase name="forProject1ItIsOkayIfGetStartTimeReturnsNull" classname="edu.pdx.cs410J.hui2.PhoneCallTest" time="0.002"/>
  <testcase name="getStartTimeStringNeedsToBeImplemented" classname="edu.pdx.cs410J.hui2.PhoneCallTest" time="0.009">
    <failure message="Expected exception: java.lang.UnsupportedOperationException" type="java.lang.AssertionError">java.lang.AssertionError: Expected exception: java.lang.UnsupportedOperationException
</failure>
  </testcase>
  <testcase name="initiallyAllPhoneCallsHaveTheSameCallee" classname="edu.pdx.cs410J.hui2.PhoneCallTest" time="0"/>
</testsuite>