<?xml version="1.0" encoding="UTF-8" standalone="yes"?><!DOCTYPE report PUBLIC "-//JACOCO//DTD Report 1.0//EN" "report.dtd"><report name="CS410J Phone Bill Project"><sessioninfo id="Jacks-MacBook-Pro.local-ac9ec512" start="1530165947464" dump="1530165948617"/><sessioninfo id="Jacks-MacBook-Pro.local-effcc5fc" start="1530389759688" dump="1530389760433"/><sessioninfo id="Jacks-MacBook-Pro.local-726d3e9d" start="1530401083073" dump="1530401084099"/><sessioninfo id="Jacks-MacBook-Pro.local-bcf5c88c" start="1530401114151" dump="1530401115082"/><sessioninfo id="Jacks-MacBook-Pro.local-de561b01" start="1530403681443" dump="1530403682488"/><sessioninfo id="Jacks-MacBook-Pro.local-8f8d87e8" start="1530403916144" dump="1530403917192"/><sessioninfo id="Jacks-MacBook-Pro.local-b31a14a6" start="1530405064431" dump="1530405065507"/><sessioninfo id="Jacks-MacBook-Pro.local-e98d5a23" start="1530405433775" dump="1530405434912"/><sessioninfo id="Jacks-MacBook-Pro.local-a54cc20e" start="1530568166398" dump="1530568167484"/><sessioninfo id="Jacks-MacBook-Pro.local-4bfa0e1d" start="1530568200214" dump="1530568201139"/><sessioninfo id="Jacks-MacBook-Pro.local-b3a60e36" start="1530568219230" dump="1530568220276"/><sessioninfo id="Jacks-MacBook-Pro.local-540333da" start="1530568304176" dump="1530568305371"/><sessioninfo id="Jacks-MacBook-Pro.local-de2475ab" start="1530568332612" dump="1530568333346"/><sessioninfo id="Jacks-MacBook-Pro.local-ca3e7054" start="1530568480216" dump="1530568481351"/><sessioninfo id="Jacks-MacBook-Pro.local-823644" start="1530568566812" dump="1530568567646"/><sessioninfo id="Jacks-MacBook-Pro.local-ef02b878" start="1530568887074" dump="1530568888260"/><sessioninfo id="Jacks-MacBook-Pro.local-5f614659" start="1530572167799" dump="1530572168851"/><sessioninfo id="Jacks-MacBook-Pro.local-a933f102" start="1530636815480" dump="1530636816553"/><sessioninfo id="Jacks-MacBook-Pro.local-8dcac37e" start="1530636931267" dump="1530636932076"/><sessioninfo id="Jacks-MacBook-Pro.local-191efa3b" start="1530636995514" dump="1530636996269"/><sessioninfo id="Jacks-MacBook-Pro.local-12aae8ac" start="1530637011402" dump="1530637012193"/><sessioninfo id="Jacks-MacBook-Pro.local-4ea03397" start="1530637057251" dump="1530637058225"/><sessioninfo id="Jacks-MacBook-Pro.local-dbd48666" start="1530637707314" dump="1530637708098"/><sessioninfo id="Jacks-MacBook-Pro.local-f15a19fe" start="1530637769908" dump="1530637770622"/><sessioninfo id="Jacks-MacBook-Pro.local-e89c5e59" start="1530637829626" dump="1530637830308"/><sessioninfo id="Jacks-MacBook-Pro.local-753c295c" start="1530637997946" dump="1530637998887"/><sessioninfo id="Jacks-MacBook-Pro.local-63bd27da" start="1530638018859" dump="1530638019624"/><sessioninfo id="Jacks-MacBook-Pro.local-42213b90" start="1530638035933" dump="1530638036726"/><sessioninfo id="Jacks-MacBook-Pro.local-9ce3e5f3" start="1530640285403" dump="1530640286312"/><sessioninfo id="Jacks-MacBook-Pro.local-78f92f49" start="1530642165944" dump="1530642166950"/><sessioninfo id="Jacks-MacBook-Pro.local-c8b75135" start="1530642213696" dump="1530642214445"/><sessioninfo id="Jacks-MacBook-Pro.local-e1d4bfa6" start="1530644181666" dump="1530644182726"/><sessioninfo id="Jacks-MacBook-Pro.local-bf9a1c78" start="1530644393224" dump="1530644394244"/><sessioninfo id="Jacks-MacBook-Pro.local-5bf91874" start="1530645404020" dump="1530645405093"/><sessioninfo id="Jacks-MacBook-Pro.local-dfdb9ed" start="1530645645535" dump="1530645646409"/><sessioninfo id="Jacks-MacBook-Pro.local-bb5da65f" start="1530645737291" dump="1530645737988"/><sessioninfo id="Jacks-MacBook-Pro.local-52888466" start="1530762344055" dump="1530762345062"/><sessioninfo id="Jacks-MacBook-Pro.local-2abd394a" start="1530762449406" dump="1530762450231"/><sessioninfo id="Jacks-MacBook-Pro.local-d046e12a" start="1530762648054" dump="1530762649048"/><sessioninfo id="Jacks-MacBook-Pro.local-dc03abe1" start="1530764103447" dump="1530764104282"/><sessioninfo id="Jacks-MacBook-Pro.local-7625e34e" start="1530764252135" dump="1530764253153"/><sessioninfo id="Jacks-MacBook-Pro.local-126cb56e" start="1530764334102" dump="1530764334769"/><sessioninfo id="Jacks-MacBook-Pro.local-7452aab7" start="1530764438828" dump="1530764439854"/><sessioninfo id="Jacks-MacBook-Pro.local-23e2e07a" start="1530764467993" dump="1530764468737"/><sessioninfo id="Jacks-MacBook-Pro.local-d11d3a82" start="1530764605182" dump="1530764606112"/><sessioninfo id="Jacks-MacBook-Pro.local-bc1b4294" start="1530764662942" dump="1530764663845"/><sessioninfo id="Jacks-MacBook-Pro.local-964f8d16" start="1530764891892" dump="1530764892834"/><sessioninfo id="Jacks-MacBook-Pro.local-1e500f15" start="1530765071154" dump="1530765072159"/><sessioninfo id="Jacks-MacBook-Pro.local-5daf54a5" start="1530765092772" dump="1530765093654"/><sessioninfo id="Jacks-MacBook-Pro.local-dce3a23c" start="1530765118800" dump="1530765119517"/><sessioninfo id="Jacks-MacBook-Pro.local-8ebba622" start="1530765158540" dump="1530765159305"/><sessioninfo id="Jacks-MacBook-Pro.local-d052aff9" start="1530765453281" dump="1530765454279"/><sessioninfo id="Jacks-MacBook-Pro.local-4c1678d0" start="1530765851554" dump="1530765852646"/><sessioninfo id="Jacks-MacBook-Pro.local-c4ab40cc" start="1530765980577" dump="1530765981549"/><sessioninfo id="Jacks-MacBook-Pro.local-8aff73d8" start="1530766102180" dump="1530766103185"/><sessioninfo id="Jacks-MacBook-Pro.local-8640063d" start="1530766938382" dump="1530766939414"/><sessioninfo id="Jacks-MacBook-Pro.local-c3b24ecd" start="1530767034839" dump="1530767035535"/><sessioninfo id="Jacks-MacBook-Pro.local-749866d4" start="1530841716086" dump="1530841717101"/><sessioninfo id="Jacks-MacBook-Pro.local-f4ee76a4" start="1530841754031" dump="1530841754677"/><sessioninfo id="Jacks-MacBook-Pro.local-7920edef" start="1530841859711" dump="1530841860652"/><sessioninfo id="Jacks-MacBook-Pro.local-e165f895" start="1530842053294" dump="1530842054216"/><sessioninfo id="Jacks-MacBook-Pro.local-b64895d0" start="1530843592642" dump="1530843593738"/><sessioninfo id="Jacks-MacBook-Pro.local-3b721532" start="1530843640521" dump="1530843641235"/><sessioninfo id="Jacks-MacBook-Pro.local-1de79dae" start="1530843836413" dump="1530843837317"/><sessioninfo id="Jacks-MacBook-Pro.local-ab2540fa" start="1530843908415" dump="1530843909092"/><sessioninfo id="Jacks-MacBook-Pro.local-dd5a0a4e" start="1530844642574" dump="1530844643553"/><sessioninfo id="Jacks-MacBook-Pro.local-11937d00" start="1530844751684" dump="1530844752429"/><sessioninfo id="Jacks-MacBook-Pro.local-53891585" start="1530844776943" dump="1530844777755"/><sessioninfo id="Jacks-MacBook-Pro.local-e05da15" start="1530844808029" dump="1530844808784"/><sessioninfo id="Jacks-MacBook-Pro.local-f04f7867" start="1530844890794" dump="1530844891808"/><sessioninfo id="Jacks-MacBook-Pro.local-69f9fcbb" start="1530845026655" dump="1530845027644"/><sessioninfo id="Jacks-MacBook-Pro.local-7f0f482b" start="1530845281914" dump="1530845282950"/><sessioninfo id="Jacks-MacBook-Pro.local-27692206" start="1530845542963" dump="1530845543869"/><sessioninfo id="Jacks-MacBook-Pro.local-1c2563e9" start="1530845843774" dump="1530845844839"/><sessioninfo id="Jacks-MacBook-Pro.local-49128960" start="1530846123815" dump="1530846124783"/><sessioninfo id="Jacks-MacBook-Pro.local-d9264878" start="1530846525615" dump="1530846526674"/><sessioninfo id="Jacks-MacBook-Pro.local-e502c511" start="1530846852244" dump="1530846853279"/><sessioninfo id="Jacks-MacBook-Pro.local-8510adb9" start="1530846951800" dump="1530846952478"/><sessioninfo id="Jacks-MacBook-Pro.local-ba5aa442" start="1530847435995" dump="1530847437060"/><sessioninfo id="Jacks-MacBook-Pro.local-62be1d91" start="1530847501708" dump="1530847502383"/><sessioninfo id="Jacks-MacBook-Pro.local-2149a0bd" start="1530847689692" dump="1530847690657"/><sessioninfo id="Jacks-MacBook-Pro.local-84f11aeb" start="1530847745175" dump="1530847745956"/><sessioninfo id="Jacks-MacBook-Pro.local-18b628b8" start="1530847891823" dump="1530847892830"/><sessioninfo id="Jacks-MacBook-Pro.local-ba69528e" start="1530847954360" dump="1530847955338"/><sessioninfo id="Jacks-MacBook-Pro.local-1ee52cfe" start="1530893770784" dump="1530893771772"/><sessioninfo id="Jacks-MacBook-Pro.local-23c28dc9" start="1530893804035" dump="1530893804761"/><sessioninfo id="Jacks-MacBook-Pro.local-ddb10a85" start="1530895330215" dump="1530895331246"/><sessioninfo id="Jacks-MacBook-Pro.local-47b548d8" start="1530895424481" dump="1530895425168"/><sessioninfo id="Jacks-MacBook-Pro.local-e9a359b" start="1530895542761" dump="1530895543768"/><sessioninfo id="Jacks-MacBook-Pro.local-5d79a9b" start="1530895581441" dump="1530895582125"/><sessioninfo id="Jacks-MacBook-Pro.local-1d2e7253" start="1530895884562" dump="1530895885459"/><sessioninfo id="Jacks-MacBook-Pro.local-7701ee04" start="1530895956171" dump="1530895956899"/><sessioninfo id="Jacks-MacBook-Pro.local-1f1b607d" start="1530896183000" dump="1530896183901"/><sessioninfo id="Jacks-MacBook-Pro.local-9a743aed" start="1530896881888" dump="1530896882954"/><sessioninfo id="Jacks-MacBook-Pro.local-2383ad6f" start="1530897500058" dump="1530897501016"/><sessioninfo id="Jacks-MacBook-Pro.local-b7a2177a" start="1530916192797" dump="1530916193774"/><sessioninfo id="Jacks-MacBook-Pro.local-82bbcb40" start="1530916261066" dump="1530916261803"/><sessioninfo id="Jacks-MacBook-Pro.local-64057e" start="1530916293787" dump="1530916294466"/><sessioninfo id="Jacks-MacBook-Pro.local-2734b1c" start="1530916368158" dump="1530916368841"/><sessioninfo id="Jacks-MacBook-Pro.local-ac94f38b" start="1530918306320" dump="1530918307450"/><sessioninfo id="Jacks-MacBook-Pro.local-93b0d60a" start="1530985904856" dump="1530985905834"/><sessioninfo id="Jacks-MacBook-Pro.local-4ce64e30" start="1530986013689" dump="1530986014461"/><sessioninfo id="Jacks-MacBook-Pro.local-26ee00eb" start="1530986067984" dump="1530986068647"/><sessioninfo id="Jacks-MacBook-Pro.local-e6527386" start="1530986187175" dump="1530986188403"/><sessioninfo id="Jacks-MacBook-Pro.local-66628a0a" start="1530986722968" dump="1530986723701"/><sessioninfo id="Jacks-MacBook-Pro.local-eb85cde" start="1531017937890" dump="1531017938675"/><sessioninfo id="Jacks-MacBook-Pro.local-f06ed6dc" start="1531018178535" dump="1531018179541"/><sessioninfo id="Jacks-MacBook-Pro.local-b4151d53" start="1531018857468" dump="1531018858528"/><sessioninfo id="Jacks-MacBook-Pro.local-12d439c0" start="1531019750955" dump="1531019751949"/><sessioninfo id="Jacks-MacBook-Pro.local-18c3b769" start="1531019797135" dump="1531019797841"/><sessioninfo id="Jacks-MacBook-Pro.local-8807bfb1" start="1531019890357" dump="1531019891607"/><sessioninfo id="Jacks-MacBook-Pro.local-df6d55ba" start="1531020030982" dump="1531020032106"/><sessioninfo id="Jacks-MacBook-Pro.local-25c792a7" start="1531020433267" dump="1531020434086"/><sessioninfo id="Jacks-MacBook-Pro.local-113e9fb3" start="1531020564747" dump="1531020565711"/><sessioninfo id="Jacks-MacBook-Pro.local-78d7f54e" start="1531021932580" dump="1531021933547"/><sessioninfo id="Jacks-MacBook-Pro.local-d80fc82" start="1531022082629" dump="1531022083572"/><sessioninfo id="Jacks-MacBook-Pro.local-6840d4a2" start="1531098926079" dump="1531098927046"/><sessioninfo id="Jacks-MacBook-Pro.local-4b718d1b" start="1531099035087" dump="1531099035908"/><sessioninfo id="Jacks-MacBook-Pro.local-6c475b4b" start="1531099083871" dump="1531099084537"/><sessioninfo id="Jacks-MacBook-Pro.local-7d636c9c" start="1531099110690" dump="1531099111398"/><sessioninfo id="Jacks-MacBook-Pro.local-dc0c388c" start="1531099134943" dump="1531099135670"/><sessioninfo id="Jacks-MacBook-Pro.local-12d05f49" start="1531099157371" dump="1531099158055"/><sessioninfo id="Jacks-MacBook-Pro.local-653a2c3f" start="1531099284371" dump="1531099285354"/><sessioninfo id="Jacks-MacBook-Pro.local-8d78ac82" start="1531099324933" dump="1531099325584"/><sessioninfo id="Jacks-MacBook-Pro.local-17340764" start="1531099581691" dump="1531099582747"/><sessioninfo id="Jacks-MacBook-Pro.local-50e78170" start="1531099866869" dump="1531099867872"/><sessioninfo id="Jacks-MacBook-Pro.local-9dfa43dc" start="1531099915843" dump="1531099916550"/><sessioninfo id="Jacks-MacBook-Pro.local-28356d86" start="1531099948732" dump="1531099949368"/><sessioninfo id="Jacks-MacBook-Pro.local-34075397" start="1531099993769" dump="1531099994675"/><sessioninfo id="Jacks-MacBook-Pro.local-40d99deb" start="1531100022940" dump="1531100023652"/><sessioninfo id="Jacks-MacBook-Pro.local-ed9adb25" start="1531100090850" dump="1531100091584"/><sessioninfo id="Jacks-MacBook-Pro.local-cb886f05" start="1531100210488" dump="1531100211514"/><sessioninfo id="Jacks-MacBook-Pro.local-f3a1c74b" start="1531108663878" dump="1531108664935"/><sessioninfo id="Jacks-MacBook-Pro.local-b01cf9db" start="1531108726590" dump="1531108727293"/><sessioninfo id="Jacks-MacBook-Pro.local-8dd37b28" start="1531108887939" dump="1531108889040"/><sessioninfo id="Jacks-MacBook-Pro.local-206b8a52" start="1531108954731" dump="1531108955460"/><sessioninfo id="Jacks-MacBook-Pro.local-8799f1b9" start="1531109001190" dump="1531109001942"/><sessioninfo id="Jacks-MacBook-Pro.local-b2302c17" start="1531109047411" dump="1531109048164"/><sessioninfo id="Jacks-MacBook-Pro.local-c512962d" start="1531109135215" dump="1531109136214"/><sessioninfo id="Jacks-MacBook-Pro.local-9f776415" start="1531109180404" dump="1531109181064"/><sessioninfo id="Jacks-MacBook-Pro.local-c00b6efc" start="1531109248734" dump="1531109249442"/><sessioninfo id="Jacks-MacBook-Pro.local-e932064b" start="1531355082260" dump="1531355083275"/><sessioninfo id="Jacks-MacBook-Pro.local-9e8ed738" start="1531357056146" dump="1531357057584"/><sessioninfo id="Jacks-MacBook-Pro.local-b27c5494" start="1531357112293" dump="1531357112976"/><sessioninfo id="Jacks-MacBook-Pro.local-a2cf7ccc" start="1531357165592" dump="1531357166398"/><sessioninfo id="Jacks-MacBook-Pro.local-e5729c99" start="1531357224983" dump="1531357225810"/><sessioninfo id="Jacks-MacBook-Pro.local-400219ed" start="1531357312020" dump="1531357312977"/><sessioninfo id="Jacks-MacBook-Pro.local-36624645" start="1531357382387" dump="1531357383161"/><sessioninfo id="Jacks-MacBook-Pro.local-b1ef8d58" start="1531358096552" dump="1531358097479"/><sessioninfo id="Jacks-MacBook-Pro.local-c9e76332" start="1531358178690" dump="1531358179306"/><sessioninfo id="Jacks-MacBook-Pro.local-242ea1a5" start="1531358349886" dump="1531358350795"/><sessioninfo id="Jacks-MacBook-Pro.local-6c9274b3" start="1531358545772" dump="1531358546714"/><sessioninfo id="Jacks-MacBook-Pro.local-b6276f7b" start="1531358674255" dump="1531358675074"/><sessioninfo id="Jacks-MacBook-Pro.local-1b0c7f00" start="1531358839653" dump="1531358840574"/><sessioninfo id="Jacks-MacBook-Pro.local-1c717cb1" start="1531359083774" dump="1531359084680"/><sessioninfo id="Jacks-MacBook-Pro.local-947aae8d" start="1531359213172" dump="1531359214295"/><sessioninfo id="Jacks-MacBook-Pro.local-fe44124d" start="1531359271494" dump="1531359272184"/><sessioninfo id="Jacks-MacBook-Pro.local-c05b8d02" start="1531359353542" dump="1531359354525"/><sessioninfo id="Jacks-MacBook-Pro.local-ea9d6545" start="1531359451621" dump="1531359452344"/><sessioninfo id="Jacks-MacBook-Pro.local-87dedc00" start="1531359497582" dump="1531359498248"/><sessioninfo id="Jacks-MacBook-Pro.local-904af243" start="1531359593591" dump="1531359594782"/><sessioninfo id="Jacks-MacBook-Pro.local-c548a0a0" start="1531359669467" dump="1531359670185"/><sessioninfo id="Jacks-MacBook-Pro.local-b80f6931" start="1531359739304" dump="1531359741098"/><sessioninfo id="Jacks-MacBook-Pro.local-c656f2be" start="1531359808625" dump="1531359809541"/><sessioninfo id="Jacks-MacBook-Pro.local-f08125c4" start="1531360215574" dump="1531360216528"/><sessioninfo id="Jacks-MacBook-Pro.local-76854303" start="1531361640131" dump="1531361641123"/><sessioninfo id="Jacks-MacBook-Pro.local-9e259d7" start="1531361726988" dump="1531361727763"/><sessioninfo id="Jacks-MacBook-Pro.local-74fe9237" start="1531361871616" dump="1531361872359"/><sessioninfo id="Jacks-MacBook-Pro.local-1b4318cc" start="1531362295607" dump="1531362296337"/><sessioninfo id="Jacks-MacBook-Pro.local-e485ed5" start="1531362361188" dump="1531362361860"/><sessioninfo id="Jacks-MacBook-Pro.local-e8d27d67" start="1531435655887" dump="1531435656569"/><sessioninfo id="Jacks-MacBook-Pro.local-cb9d5b9b" start="1531435774912" dump="1531435775657"/><sessioninfo id="Jacks-MacBook-Pro.local-be6f816b" start="1531436271642" dump="1531436272315"/><sessioninfo id="Jacks-MacBook-Pro.local-44ad735b" start="1531436324040" dump="1531436324755"/><sessioninfo id="Jacks-MacBook-Pro.local-138ea64e" start="1531587645091" dump="1531587646130"/><sessioninfo id="Jacks-MacBook-Pro.local-e4944c47" start="1531588303093" dump="1531588304049"/><sessioninfo id="Jacks-MacBook-Pro.local-18ab0de" start="1531590544783" dump="1531590545701"/><sessioninfo id="Jacks-MacBook-Pro.local-881f30cf" start="1531590583199" dump="1531590583887"/><sessioninfo id="Jacks-MacBook-Pro.local-47684cbd" start="1531592446829" dump="1531592447490"/><sessioninfo id="Jacks-MacBook-Pro.local-6d7f3161" start="1531592640817" dump="1531592641493"/><sessioninfo id="Jacks-MacBook-Pro.local-f1598942" start="1531592742395" dump="1531592743446"/><sessioninfo id="Jacks-MacBook-Pro.local-a0a61b95" start="1531592762346" dump="1531592763061"/><sessioninfo id="Jacks-MacBook-Pro.local-36203b5c" start="1531593186813" dump="1531593187614"/><sessioninfo id="Jacks-MacBook-Pro.local-80c53132" start="1531593244106" dump="1531593245002"/><sessioninfo id="Jacks-MacBook-Pro.local-8c320bba" start="1531593309358" dump="1531593310083"/><sessioninfo id="Jacks-MacBook-Pro.local-a5ffa77e" start="1531593382714" dump="1531593383743"/><sessioninfo id="Jacks-MacBook-Pro.local-ea66179f" start="1531593515355" dump="1531593516341"/><sessioninfo id="Jacks-MacBook-Pro.local-e661c78b" start="1531593631726" dump="1531593632585"/><sessioninfo id="Jacks-MacBook-Pro.local-de28aea7" start="1531593775385" dump="1531593776223"/><sessioninfo id="Jacks-MacBook-Pro.local-ac2c5d6" start="1531675736589" dump="1531675738079"/><sessioninfo id="Jacks-MacBook-Pro.local-779c933c" start="1531675973597" dump="1531675974565"/><sessioninfo id="Jacks-MacBook-Pro.local-c77cfe5d" start="1531677568635" dump="1531677569593"/><sessioninfo id="Jacks-MacBook-Pro.local-a23de05e" start="1531677602396" dump="1531677603165"/><sessioninfo id="Jacks-MacBook-Pro.local-684b30f6" start="1531678646800" dump="1531678647729"/><sessioninfo id="Jacks-MacBook-Pro.local-4925380f" start="1531678897733" dump="1531678898880"/><sessioninfo id="Jacks-MacBook-Pro.local-434eed34" start="1531678999919" dump="1531679000697"/><sessioninfo id="Jacks-MacBook-Pro.local-26b0408e" start="1531679033633" dump="1531679034566"/><sessioninfo id="Jacks-MacBook-Pro.local-ecf4dad1" start="1531680598034" dump="1531680599029"/><sessioninfo id="Jacks-MacBook-Pro.local-76245335" start="1531681187088" dump="1531681187855"/><sessioninfo id="Jacks-MacBook-Pro.local-ffd98282" start="1531681224494" dump="1531681225196"/><sessioninfo id="Jacks-MacBook-Pro.local-aa206473" start="1531681241237" dump="1531681241985"/><sessioninfo id="Jacks-MacBook-Pro.local-d7bb8796" start="1531681294319" dump="1531681295344"/><sessioninfo id="Jacks-MacBook-Pro.local-4b1f8854" start="1531681347171" dump="1531681347828"/><sessioninfo id="Jacks-MacBook-Pro.local-addc771d" start="1531681429303" dump="1531681429943"/><sessioninfo id="Jacks-MacBook-Pro.local-c09ad406" start="1531681504479" dump="1531681505520"/><sessioninfo id="Jacks-MacBook-Pro.local-ea7cf23e" start="1531681577647" dump="1531681578312"/><sessioninfo id="Jacks-MacBook-Pro.local-33d994d" start="1531681934728" dump="1531681935702"/><sessioninfo id="Jacks-MacBook-Pro.local-9c1519ae" start="1531682520865" dump="1531682521954"/><sessioninfo id="Jacks-MacBook-Pro.local-61c20b31" start="1531682725476" dump="1531682726507"/><sessioninfo id="Jacks-MacBook-Pro.local-fadd01f4" start="1531682766682" dump="1531682767381"/><sessioninfo id="Jacks-MacBook-Pro.local-c54bf04c" start="1531682903375" dump="1531682904414"/><sessioninfo id="Jacks-MacBook-Pro.local-1c04c126" start="1531682957254" dump="1531682958103"/><sessioninfo id="Jacks-MacBook-Pro.local-25fba961" start="1531682989885" dump="1531682990676"/><sessioninfo id="Jacks-MacBook-Pro.local-5c03c918" start="1531683001381" dump="1531683002086"/><sessioninfo id="Jacks-MacBook-Pro.local-7225599f" start="1531683123690" dump="1531683124679"/><sessioninfo id="Jacks-MacBook-Pro.local-2c6ab236" start="1531683327441" dump="1531683328427"/><sessioninfo id="Jacks-MacBook-Pro.local-49f9dd99" start="1531683425057" dump="1531683425795"/><sessioninfo id="Jacks-MacBook-Pro.local-7c6a66fa" start="1531683632749" dump="1531683633805"/><sessioninfo id="Jacks-MacBook-Pro.local-b47ea2dc" start="1531685454069" dump="1531685455012"/><sessioninfo id="Jacks-MacBook-Pro.local-59da1df4" start="1531686390839" dump="1531686391772"/><sessioninfo id="Jacks-MacBook-Pro.local-68511add" start="1531686407183" dump="1531686408025"/><sessioninfo id="Jacks-MacBook-Pro.local-2ada638e" start="1531686447267" dump="1531686447989"/><sessioninfo id="Jacks-MacBook-Pro.local-c76a78e8" start="1531686688613" dump="1531686689648"/><sessioninfo id="Jacks-MacBook-Pro.local-9ed38a2d" start="1531689183577" dump="1531689184593"/><sessioninfo id="Jacks-MacBook-Pro.local-780d4762" start="1531695355519" dump="1531695356218"/><sessioninfo id="Jacks-MacBook-Pro.local-4daf1703" start="1531697243068" dump="1531697244126"/><sessioninfo id="Jacks-MacBook-Pro.local-452e7944" start="1531704748384" dump="1531704749461"/><sessioninfo id="Jacks-MacBook-Pro.local-fb87f881" start="1531803948731" dump="1531803949510"/><sessioninfo id="Jacks-MacBook-Pro.local-5108d49c" start="1531804222453" dump="1531804223237"/><sessioninfo id="Jacks-MacBook-Pro.local-83de111e" start="1531804271442" dump="1531804272457"/><sessioninfo id="Jacks-MacBook-Pro.local-c91fd43a" start="1531805067266" dump="1531805068225"/><sessioninfo id="Jacks-MacBook-Pro.local-262a1914" start="1531805100506" dump="1531805101215"/><sessioninfo id="Jacks-MacBook-Pro.local-3ec0d45f" start="1531805423212" dump="1531805424538"/><sessioninfo id="Jacks-MacBook-Pro.local-b34734e6" start="1531805484749" dump="1531805485513"/><sessioninfo id="Jacks-MacBook-Pro.local-2e6868b0" start="1531965108072" dump="1531965108961"/><sessioninfo id="Jacks-MacBook-Pro.local-2ed120ea" start="1532011660609" dump="1532011661564"/><sessioninfo id="Jacks-MacBook-Pro.local-9d8c85cb" start="1532011695976" dump="1532011696730"/><sessioninfo id="Jacks-MacBook-Pro.local-2b0221c8" start="1532012052514" dump="1532012053490"/><sessioninfo id="Jacks-MacBook-Pro.local-5b44899e" start="1532012075495" dump="1532012076166"/><sessioninfo id="Jacks-MacBook-Pro.local-15b79ae" start="1532012592801" dump="1532012593696"/><sessioninfo id="Jacks-MacBook-Pro.local-b9bcab5c" start="1532013091604" dump="1532013092664"/><sessioninfo id="Jacks-MacBook-Pro.local-bbc7188d" start="1532017340413" dump="1532017341128"/><sessioninfo id="Jacks-MacBook-Pro.local-f086a24d" start="1532017739837" dump="1532017740792"/><sessioninfo id="Jacks-MacBook-Pro.local-1a2f7bee" start="1532017827200" dump="1532017827961"/><sessioninfo id="Jacks-MacBook-Pro.local-859a7df3" start="1532018299858" dump="1532018300880"/><sessioninfo id="Jacks-MacBook-Pro.local-cf4f1bba" start="1532018492767" dump="1532018493707"/><sessioninfo id="Jacks-MacBook-Pro.local-dbcc4a4c" start="1532018728894" dump="1532018729904"/><sessioninfo id="Jacks-MacBook-Pro.local-54c232b4" start="1532018753802" dump="1532018754624"/><sessioninfo id="Jacks-MacBook-Pro.local-2737211c" start="1532019197435" dump="1532019198445"/><sessioninfo id="Jacks-MacBook-Pro.local-484b28cd" start="1532019455607" dump="1532019456600"/><sessioninfo id="Jacks-MacBook-Pro.local-1486b9fa" start="1532019740803" dump="1532019741761"/><sessioninfo id="Jacks-MacBook-Pro.local-17fee3a0" start="1532019852049" dump="1532019852794"/><sessioninfo id="Jacks-MacBook-Pro.local-b64c50a5" start="1532019883673" dump="1532019884355"/><sessioninfo id="Jacks-MacBook-Pro.local-66ea5d84" start="1532019997447" dump="1532019998361"/><sessioninfo id="Jacks-MacBook-Pro.local-526b3799" start="1532020274156" dump="1532020275121"/><sessioninfo id="Jacks-MacBook-Pro.local-d6ca0497" start="1532020766062" dump="1532020767084"/><sessioninfo id="Jacks-MacBook-Pro.local-e9909887" start="1532020929372" dump="1532020930380"/><sessioninfo id="Jacks-MacBook-Pro.local-6dfe12bb" start="1532021089663" dump="1532021090686"/><sessioninfo id="Jacks-MacBook-Pro.local-f577e088" start="1532021301607" dump="1532021302550"/><sessioninfo id="Jacks-MacBook-Pro.local-c647350a" start="1532021441403" dump="1532021442320"/><sessioninfo id="Jacks-MacBook-Pro.local-7f26d363" start="1532021518967" dump="1532021519862"/><sessioninfo id="Jacks-MacBook-Pro.local-b934b171" start="1532021622097" dump="1532021623220"/><sessioninfo id="Jacks-MacBook-Pro.local-b8dd1d60" start="1532021789931" dump="1532021791132"/><sessioninfo id="Jacks-MacBook-Pro.local-495325f3" start="1532021894685" dump="1532021895393"/><sessioninfo id="Jacks-MacBook-Pro.local-cde1aeda" start="1532021949119" dump="1532021950116"/><sessioninfo id="Jacks-MacBook-Pro.local-99034aac" start="1532021962093" dump="1532021962908"/><sessioninfo id="Jacks-MacBook-Pro.local-1d704b01" start="1532022039447" dump="1532022040327"/><sessioninfo id="Jacks-MacBook-Pro.local-ef37038d" start="1532022349249" dump="1532022350396"/><sessioninfo id="Jacks-MacBook-Pro.local-2e0020a3" start="1532022364901" dump="1532022365756"/><sessioninfo id="Jacks-MacBook-Pro.local-f7318899" start="1532023444172" dump="1532023445211"/><sessioninfo id="Jacks-MacBook-Pro.local-99937aff" start="1532024243237" dump="1532024244453"/><sessioninfo id="Jacks-MacBook-Pro.local-ec6afb5" start="1532024297002" dump="1532024297809"/><sessioninfo id="Jacks-MacBook-Pro.local-f47d63f1" start="1532024413609" dump="1532024414545"/><sessioninfo id="Jacks-MacBook-Pro.local-5309a3fe" start="1532025485074" dump="1532025486142"/><sessioninfo id="Jacks-MacBook-Pro.local-4b93c737" start="1532025514610" dump="1532025515423"/><sessioninfo id="Jacks-MacBook-Pro.local-1b5b4156" start="1532025622934" dump="1532025623954"/><sessioninfo id="Jacks-MacBook-Pro.local-4b2b2b37" start="1532025823458" dump="1532025824518"/><sessioninfo id="Jacks-MacBook-Pro.local-ef460cfb" start="1532025969715" dump="1532025970712"/><sessioninfo id="Jacks-MacBook-Pro.local-b642db80" start="1532025985540" dump="1532025986334"/><sessioninfo id="Jacks-MacBook-Pro.local-2274812b" start="1532026253726" dump="1532026254664"/><sessioninfo id="Jacks-MacBook-Pro.local-87f9c8f" start="1532026775096" dump="1532026776125"/><sessioninfo id="Jacks-MacBook-Pro.local-a1a148f6" start="1532026806352" dump="1532026807162"/><sessioninfo id="Jacks-MacBook-Pro.local-f7eb4a55" start="1532026917209" dump="1532026918520"/><sessioninfo id="Jacks-MacBook-Pro.local-19cb12d1" start="1532027018031" dump="1532027018702"/><sessioninfo id="Jacks-MacBook-Pro.local-2e88573d" start="1532027087671" dump="1532027088422"/><sessioninfo id="Jacks-MacBook-Pro.local-25ee075b" start="1532027139972" dump="1532027141043"/><sessioninfo id="Jacks-MacBook-Pro.local-8d895038" start="1532027163294" dump="1532027163998"/><sessioninfo id="Jacks-MacBook-Pro.local-6e34f149" start="1532027192133" dump="1532027192852"/><sessioninfo id="Jacks-MacBook-Pro.local-57b370e6" start="1532027228490" dump="1532027229144"/><sessioninfo id="Jacks-MacBook-Pro.local-669f699a" start="1532028238336" dump="1532028239143"/><sessioninfo id="Jacks-MacBook-Pro.local-7498ce02" start="1532096840670" dump="1532096841695"/><sessioninfo id="Jacks-MacBook-Pro.local-986ccddd" start="1532096895307" dump="1532096896228"/><sessioninfo id="Jacks-MacBook-Pro.local-a9581abd" start="1532096935925" dump="1532096936713"/><sessioninfo id="Jacks-MacBook-Pro.local-8a16deeb" start="1532096965950" dump="1532096966952"/><sessioninfo id="Jacks-MacBook-Pro.local-3ec492a2" start="1532097664056" dump="1532097665128"/><sessioninfo id="Jacks-MacBook-Pro.local-4a6722e0" start="1532098036249" dump="1532098037261"/><sessioninfo id="Jacks-MacBook-Pro.local-5fd4503d" start="1532098198706" dump="1532098199790"/><sessioninfo id="Jacks-MacBook-Pro.local-2af35f6e" start="1532098253979" dump="1532098254676"/><sessioninfo id="Jacks-MacBook-Pro.local-7d8ea614" start="1532098317685" dump="1532098318560"/><sessioninfo id="Jacks-MacBook-Pro.local-c75aca58" start="1532098369090" dump="1532098369797"/><sessioninfo id="Jacks-MacBook-Pro.local-d1ab4824" start="1532098419954" dump="1532098420687"/><sessioninfo id="Jacks-MacBook-Pro.local-2bf20627" start="1532098482388" dump="1532098483151"/><sessioninfo id="Jacks-MacBook-Pro.local-aa73ec7d" start="1532098510738" dump="1532098511483"/><sessioninfo id="Jacks-MacBook-Pro.local-8d6f7f45" start="1532103203779" dump="1532103204768"/><sessioninfo id="Jacks-MacBook-Pro.local-342d2226" start="1532103549175" dump="1532103550127"/><sessioninfo id="Jacks-MacBook-Pro.local-18e59936" start="1532103606821" dump="1532103607504"/><sessioninfo id="Jacks-MacBook-Pro.local-529ed95a" start="1532103707480" dump="1532103708494"/><sessioninfo id="Jacks-MacBook-Pro.local-a9376f0f" start="1532103754210" dump="1532103754988"/><sessioninfo id="Jacks-MacBook-Pro.local-e56ab81" start="1532104353424" dump="1532104354722"/><sessioninfo id="Jacks-MacBook-Pro.local-707a39b6" start="1532104413667" dump="1532104414463"/><sessioninfo id="Jacks-MacBook-Pro.local-7b3535dc" start="1532106138571" dump="1532106139569"/><sessioninfo id="Jacks-MacBook-Pro.local-6fa330df" start="1532106238421" dump="1532106239318"/><sessioninfo id="Jacks-MacBook-Pro.local-6b6eda08" start="1532106288703" dump="1532106289448"/><sessioninfo id="Jacks-MacBook-Pro.local-c59366a4" start="1532106366650" dump="1532106367746"/><sessioninfo id="Jacks-MacBook-Pro.local-99fbee2" start="1532106750356" dump="1532106751427"/><sessioninfo id="Jacks-MacBook-Pro.local-158e2a2" start="1532106798548" dump="1532106799226"/><sessioninfo id="Jacks-MacBook-Pro.local-2ca67510" start="1532194278706" dump="1532194279544"/><package name="edu/pdx/cs410J/hui2"><class name="edu/pdx/cs410J/hui2/Project3"><method name="&lt;init&gt;" desc="()V" line="22"><counter type="INSTRUCTION" missed="3" covered="0"/><counter type="LINE" missed="1" covered="0"/><counter type="COMPLEXITY" missed="1" covered="0"/><counter type="METHOD" missed="1" covered="0"/></method><method name="main" desc="([Ljava/lang/String;)V" line="31"><counter type="INSTRUCTION" missed="177" covered="0"/><counter type="BRANCH" missed="8" covered="0"/><counter type="LINE" missed="43" covered="0"/><counter type="COMPLEXITY" missed="5" covered="0"/><counter type="METHOD" missed="1" covered="0"/></method><method name="checkTimeLabel" desc="(Ljava/lang/String;Ljava/lang/String;)V" line="101"><counter type="INSTRUCTION" missed="48" covered="0"/><counter type="BRANCH" missed="16" covered="0"/><counter type="LINE" missed="13" covered="0"/><counter type="COMPLEXITY" missed="9" covered="0"/><counter type="METHOD" missed="1" covered="0"/></method><method name="formatter" desc="(Ljava/lang/String;Ljava/lang/String;)V" line="129"><counter type="INSTRUCTION" missed="29" covered="0"/><counter type="BRANCH" missed="2" covered="0"/><counter type="LINE" missed="11" covered="0"/><counter type="COMPLEXITY" missed="2" covered="0"/><counter type="METHOD" missed="1" covered="0"/></method><method name="checkName" desc="(Ljava/lang/String;)V" line="152"><counter type="INSTRUCTION" missed="10" covered="0"/><counter type="BRANCH" missed="2" covered="0"/><counter type="LINE" missed="4" covered="0"/><counter type="COMPLEXITY" missed="2" covered="0"/><counter type="METHOD" missed="1" covered="0"/></method><method name="checkCallerPhone" desc="(Ljava/lang/String;)V" line="168"><counter type="INSTRUCTION" missed="10" covered="0"/><counter type="BRANCH" missed="2" covered="0"/><counter type="LINE" missed="4" covered="0"/><counter type="COMPLEXITY" missed="2" covered="0"/><counter type="METHOD" missed="1" covered="0"/></method><method name="checkCalleePhone" desc="(Ljava/lang/String;)V" line="184"><counter type="INSTRUCTION" missed="10" covered="0"/><counter type="BRANCH" missed="2" covered="0"/><counter type="LINE" missed="4" covered="0"/><counter type="COMPLEXITY" missed="2" covered="0"/><counter type="METHOD" missed="1" covered="0"/></method><method name="checkStartTime" desc="(Ljava/lang/String;Ljava/lang/String;)V" line="201"><counter type="INSTRUCTION" missed="20" covered="0"/><counter type="BRANCH" missed="4" covered="0"/><counter type="LINE" missed="7" covered="0"/><counter type="COMPLEXITY" missed="3" covered="0"/><counter type="METHOD" missed="1" covered="0"/></method><method name="checkEndTime" desc="(Ljava/lang/String;Ljava/lang/String;)V" line="223"><counter type="INSTRUCTION" missed="20" covered="0"/><counter type="BRANCH" missed="4" covered="0"/><counter type="LINE" missed="7" covered="0"/><counter type="COMPLEXITY" missed="3" covered="0"/><counter type="METHOD" missed="1" covered="0"/></method><method name="removeOption" desc="(Ljava/util/ArrayList;)Ljava/util/ArrayList;" line="244"><counter type="INSTRUCTION" missed="72" covered="0"/><counter type="BRANCH" missed="6" covered="0"/><counter type="LINE" missed="18" covered="0"/><counter type="COMPLEXITY" missed="4" covered="0"/><counter type="METHOD" missed="1" covered="0"/></method><method name="checkArgs" desc="(Ljava/util/ArrayList;)V" line="282"><counter type="INSTRUCTION" missed="29" covered="0"/><counter type="BRANCH" missed="6" covered="0"/><counter type="LINE" missed="10" covered="0"/><counter type="COMPLEXITY" missed="4" covered="0"/><counter type="METHOD" missed="1" covered="0"/></method><method name="printInfo" desc="(Ledu/pdx/cs410J/hui2/PhoneBill;)V" line="303"><counter type="INSTRUCTION" missed="8" covered="0"/><counter type="LINE" missed="2" covered="0"/><counter type="COMPLEXITY" missed="1" covered="0"/><counter type="METHOD" missed="1" covered="0"/></method><method name="checkReadMe" desc="([Ljava/lang/String;)V" line="313"><counter type="INSTRUCTION" missed="18" covered="0"/><counter type="BRANCH" missed="4" covered="0"/><counter type="LINE" missed="5" covered="0"/><counter type="COMPLEXITY" missed="3" covered="0"/><counter type="METHOD" missed="1" covered="0"/></method><method name="readMe" desc="()V" line="329"><counter type="INSTRUCTION" missed="7" covered="0"/><counter type="LINE" missed="3" covered="0"/><counter type="COMPLEXITY" missed="1" covered="0"/><counter type="METHOD" missed="1" covered="0"/></method><method name="&lt;clinit&gt;" desc="()V" line="23"><counter type="INSTRUCTION" missed="7" covered="0"/><counter type="LINE" missed="3" covered="0"/><counter type="COMPLEXITY" missed="1" covered="0"/><counter type="METHOD" missed="1" covered="0"/></method><counter type="INSTRUCTION" missed="468" covered="0"/><counter type="BRANCH" missed="56" covered="0"/><counter type="LINE" missed="135" covered="0"/><counter type="COMPLEXITY" missed="43" covered="0"/><counter type="METHOD" missed="15" covered="0"/><counter type="CLASS" missed="1" covered="0"/></class><class name="edu/pdx/cs410J/hui2/TextDumper"><method name="dump" desc="(Ledu/pdx/cs410J/AbstractPhoneBill;)V" line="34"><counter type="INSTRUCTION" missed="80" covered="0"/><counter type="BRANCH" missed="4" covered="0"/><counter type="LINE" missed="16" covered="0"/><counter type="COMPLEXITY" missed="3" covered="0"/><counter type="METHOD" missed="1" covered="0"/></method><method name="getFile" desc="(Ljava/lang/String;)V" line="61"><counter type="INSTRUCTION" missed="4" covered="0"/><counter type="LINE" missed="2" covered="0"/><counter type="COMPLEXITY" missed="1" covered="0"/><counter type="METHOD" missed="1" covered="0"/></method><method name="&lt;init&gt;" desc="(Ljava/lang/String;Ljava/lang/String;Ljava/lang/String;Ljava/lang/String;Ljava/lang/String;)V" line="73"><counter type="INSTRUCTION" missed="18" covered="0"/><counter type="LINE" missed="7" covered="0"/><counter type="COMPLEXITY" missed="1" covered="0"/><counter type="METHOD" missed="1" covered="0"/></method><method name="returnPhoneBill" desc="()Ledu/pdx/cs410J/AbstractPhoneBill;" line="87"><counter type="INSTRUCTION" missed="3" covered="0"/><counter type="LINE" missed="1" covered="0"/><counter type="COMPLEXITY" missed="1" covered="0"/><counter type="METHOD" missed="1" covered="0"/></method><counter type="INSTRUCTION" missed="105" covered="0"/><counter type="BRANCH" missed="4" covered="0"/><counter type="LINE" missed="26" covered="0"/><counter type="COMPLEXITY" missed="6" covered="0"/><counter type="METHOD" missed="4" covered="0"/><counter type="CLASS" missed="1" covered="0"/></class><class name="edu/pdx/cs410J/hui2/PrettyPrinter"><method name="&lt;init&gt;" desc="(Ljava/lang/String;)V" line="31"><counter type="INSTRUCTION" missed="12" covered="0"/><counter type="LINE" missed="4" covered="0"/><counter type="COMPLEXITY" missed="1" covered="0"/><counter type="METHOD" missed="1" covered="0"/></method><method name="getDuration" desc="(Ljava/util/Date;Ljava/util/Date;)Ljava/lang/String;" line="45"><counter type="INSTRUCTION" missed="29" covered="0"/><counter type="BRANCH" missed="2" covered="0"/><counter type="LINE" missed="6" covered="0"/><counter type="COMPLEXITY" missed="2" covered="0"/><counter type="METHOD" missed="1" covered="0"/></method><method name="dump" desc="(Ledu/pdx/cs410J/AbstractPhoneBill;)V" line="66"><counter type="INSTRUCTION" missed="76" covered="0"/><counter type="BRANCH" missed="2" covered="0"/><counter type="LINE" missed="13" covered="0"/><counter type="COMPLEXITY" missed="2" covered="0"/><counter type="METHOD" missed="1" covered="0"/></method><method name="dumpToFile" desc="(Ledu/pdx/cs410J/AbstractPhoneBill;)V" line="99"><counter type="INSTRUCTION" missed="103" covered="0"/><counter type="BRANCH" missed="4" covered="0"/><counter type="LINE" missed="21" covered="0"/><counter type="COMPLEXITY" missed="3" covered="0"/><counter type="METHOD" missed="1" covered="0"/></method><counter type="INSTRUCTION" missed="220" covered="0"/><counter type="BRANCH" missed="8" covered="0"/><counter type="LINE" missed="44" covered="0"/><counter type="COMPLEXITY" missed="8" covered="0"/><counter type="METHOD" missed="4" covered="0"/><counter type="CLASS" missed="1" covered="0"/></class><class name="edu/pdx/cs410J/hui2/TextParser"><method name="&lt;init&gt;" desc="()V" line="18"><counter type="INSTRUCTION" missed="12" covered="0"/><counter type="LINE" missed="4" covered="0"/><counter type="COMPLEXITY" missed="1" covered="0"/><counter type="METHOD" missed="1" covered="0"/></method><method name="parse" desc="()Ledu/pdx/cs410J/AbstractPhoneBill;" line="35"><counter type="INSTRUCTION" missed="191" covered="0"/><counter type="BRANCH" missed="6" covered="0"/><counter type="LINE" missed="41" covered="0"/><counter type="COMPLEXITY" missed="4" covered="0"/><counter type="METHOD" missed="1" covered="0"/></method><method name="getFile" desc="(Ljava/lang/String;Ljava/lang/String;)V" line="114"><counter type="INSTRUCTION" missed="13" covered="0"/><counter type="LINE" missed="4" covered="0"/><counter type="COMPLEXITY" missed="1" covered="0"/><counter type="METHOD" missed="1" covered="0"/></method><method name="checkFile" desc="()Z" line="126"><counter type="INSTRUCTION" missed="8" covered="0"/><counter type="BRANCH" missed="2" covered="0"/><counter type="LINE" missed="3" covered="0"/><counter type="COMPLEXITY" missed="2" covered="0"/><counter type="METHOD" missed="1" covered="0"/></method><method name="createFile" desc="(Ljava/lang/String;)V" line="140"><counter type="INSTRUCTION" missed="21" covered="0"/><counter type="BRANCH" missed="2" covered="0"/><counter type="LINE" missed="9" covered="0"/><counter type="COMPLEXITY" missed="2" covered="0"/><counter type="METHOD" missed="1" covered="0"/></method><method name="checkFileName" desc="(Ljava/lang/String;)V" line="160"><counter type="INSTRUCTION" missed="11" covered="0"/><counter type="BRANCH" missed="2" covered="0"/><counter type="LINE" missed="4" covered="0"/><counter type="COMPLEXITY" missed="2" covered="0"/><counter type="METHOD" missed="1" covered="0"/></method><method name="checkName" desc="(Ljava/lang/String;)V" line="175"><counter type="INSTRUCTION" missed="10" covered="0"/><counter type="BRANCH" missed="2" covered="0"/><counter type="LINE" missed="4" covered="0"/><counter type="COMPLEXITY" missed="2" covered="0"/><counter type="METHOD" missed="1" covered="0"/></method><method name="checkCallerPhone" desc="(Ljava/lang/String;)V" line="191"><counter type="INSTRUCTION" missed="10" covered="0"/><counter type="BRANCH" missed="2" covered="0"/><counter type="LINE" missed="4" covered="0"/><counter type="COMPLEXITY" missed="2" covered="0"/><counter type="METHOD" missed="1" covered="0"/></method><method name="checkCalleePhone" desc="(Ljava/lang/String;)V" line="207"><counter type="INSTRUCTION" missed="10" covered="0"/><counter type="BRANCH" missed="2" covered="0"/><counter type="LINE" missed="4" covered="0"/><counter type="COMPLEXITY" missed="2" covered="0"/><counter type="METHOD" missed="1" covered="0"/></method><method name="checkStartTime" desc="(Ljava/lang/String;Ljava/lang/String;)V" line="224"><counter type="INSTRUCTION" missed="20" covered="0"/><counter type="BRANCH" missed="4" covered="0"/><counter type="LINE" missed="7" covered="0"/><counter type="COMPLEXITY" missed="3" covered="0"/><counter type="METHOD" missed="1" covered="0"/></method><method name="checkEndTime" desc="(Ljava/lang/String;Ljava/lang/String;)V" line="246"><counter type="INSTRUCTION" missed="20" covered="0"/><counter type="BRANCH" missed="4" covered="0"/><counter type="LINE" missed="7" covered="0"/><counter type="COMPLEXITY" missed="3" covered="0"/><counter type="METHOD" missed="1" covered="0"/></method><method name="formatter" desc="(Ljava/lang/String;Ljava/lang/String;)V" line="258"><counter type="INSTRUCTION" missed="29" covered="0"/><counter type="BRANCH" missed="2" covered="0"/><counter type="LINE" missed="11" covered="0"/><counter type="COMPLEXITY" missed="2" covered="0"/><counter type="METHOD" missed="1" covered="0"/></method><counter type="INSTRUCTION" missed="355" covered="0"/><counter type="BRANCH" missed="28" covered="0"/><counter type="LINE" missed="102" covered="0"/><counter type="COMPLEXITY" missed="26" covered="0"/><counter type="METHOD" missed="12" covered="0"/><counter type="CLASS" missed="1" covered="0"/></class><class name="edu/pdx/cs410J/hui2/PhoneCall"><method name="&lt;init&gt;" desc="(Ljava/lang/String;Ljava/lang/String;Ljava/lang/String;Ljava/lang/String;)V" line="25"><counter type="INSTRUCTION" missed="20" covered="0"/><counter type="LINE" missed="7" covered="0"/><counter type="COMPLEXITY" missed="1" covered="0"/><counter type="METHOD" missed="1" covered="0"/></method><method name="&lt;init&gt;" desc="()V" line="33"><counter type="INSTRUCTION" missed="3" covered="0"/><counter type="LINE" missed="1" covered="0"/><counter type="COMPLEXITY" missed="1" covered="0"/><counter type="METHOD" missed="1" covered="0"/></method><method name="getCaller" desc="()Ljava/lang/String;" line="40"><counter type="INSTRUCTION" missed="3" covered="0"/><counter type="LINE" missed="1" covered="0"/><counter type="COMPLEXITY" missed="1" covered="0"/><counter type="METHOD" missed="1" covered="0"/></method><method name="getCallee" desc="()Ljava/lang/String;" line="49"><counter type="INSTRUCTION" missed="3" covered="0"/><counter type="LINE" missed="1" covered="0"/><counter type="COMPLEXITY" missed="1" covered="0"/><counter type="METHOD" missed="1" covered="0"/></method><method name="getStartTimeString" desc="()Ljava/lang/String;" line="58"><counter type="INSTRUCTION" missed="3" covered="0"/><counter type="LINE" missed="1" covered="0"/><counter type="COMPLEXITY" missed="1" covered="0"/><counter type="METHOD" missed="1" covered="0"/></method><method name="getEndTimeString" desc="()Ljava/lang/String;" line="67"><counter type="INSTRUCTION" missed="3" covered="0"/><counter type="LINE" missed="1" covered="0"/><counter type="COMPLEXITY" missed="1" covered="0"/><counter type="METHOD" missed="1" covered="0"/></method><method name="getStartTime" desc="()Ljava/util/Date;" line="72"><counter type="INSTRUCTION" missed="3" covered="0"/><counter type="LINE" missed="1" covered="0"/><counter type="COMPLEXITY" missed="1" covered="0"/><counter type="METHOD" missed="1" covered="0"/></method><method name="getEndTime" desc="()Ljava/util/Date;" line="77"><counter type="INSTRUCTION" missed="3" covered="0"/><counter type="LINE" missed="1" covered="0"/><counter type="COMPLEXITY" missed="1" covered="0"/><counter type="METHOD" missed="1" covered="0"/></method><method name="formatter" desc="(Ljava/lang/String;Ljava/lang/String;)Ljava/util/Date;" line="81"><counter type="INSTRUCTION" missed="23" covered="0"/><counter type="LINE" missed="8" covered="0"/><counter type="COMPLEXITY" missed="1" covered="0"/><counter type="METHOD" missed="1" covered="0"/></method><method name="compareTo" desc="(Ledu/pdx/cs410J/hui2/PhoneCall;)I" line="94"><counter type="INSTRUCTION" missed="22" covered="0"/><counter type="BRANCH" missed="4" covered="0"/><counter type="LINE" missed="7" covered="0"/><counter type="COMPLEXITY" missed="3" covered="0"/><counter type="METHOD" missed="1" covered="0"/></method><counter type="INSTRUCTION" missed="86" covered="0"/><counter type="BRANCH" missed="4" covered="0"/><counter type="LINE" missed="29" covered="0"/><counter type="COMPLEXITY" missed="12" covered="0"/><counter type="METHOD" missed="10" covered="0"/><counter type="CLASS" missed="1" covered="0"/></class><class name="edu/pdx/cs410J/hui2/PhoneBill"><method name="&lt;init&gt;" desc="(Ljava/lang/String;Ledu/pdx/cs410J/hui2/PhoneCall;)V" line="15"><counter type="INSTRUCTION" missed="19" covered="0"/><counter type="LINE" missed="6" covered="0"/><counter type="COMPLEXITY" missed="1" covered="0"/><counter type="METHOD" missed="1" covered="0"/></method><method name="&lt;init&gt;" desc="()V" line="15"><counter type="INSTRUCTION" missed="8" covered="0"/><counter type="LINE" missed="3" covered="0"/><counter type="COMPLEXITY" missed="1" covered="0"/><counter type="METHOD" missed="1" covered="0"/></method><method name="getCustomer" desc="()Ljava/lang/String;" line="39"><counter type="INSTRUCTION" missed="3" covered="0"/><counter type="LINE" missed="1" covered="0"/><counter type="COMPLEXITY" missed="1" covered="0"/><counter type="METHOD" missed="1" covered="0"/></method><method name="addPhoneCall" desc="(Ledu/pdx/cs410J/AbstractPhoneCall;)V" line="48"><counter type="INSTRUCTION" missed="7" covered="0"/><counter type="LINE" missed="2" covered="0"/><counter type="COMPLEXITY" missed="1" covered="0"/><counter type="METHOD" missed="1" covered="0"/></method><method name="getPhoneCalls" desc="()Ljava/util/Collection;" line="60"><counter type="INSTRUCTION" missed="6" covered="0"/><counter type="LINE" missed="2" covered="0"/><counter type="COMPLEXITY" missed="1" covered="0"/><counter type="METHOD" missed="1" covered="0"/></method><counter type="INSTRUCTION" missed="43" covered="0"/><counter type="LINE" missed="13" covered="0"/><counter type="COMPLEXITY" missed="5" covered="0"/><counter type="METHOD" missed="5" covered="0"/><counter type="CLASS" missed="1" covered="0"/></class><sourcefile name="PhoneCall.java"><line nr="25" mi="2" ci="0" mb="0" cb="0"/><line nr="26" mi="3" ci="0" mb="0" cb="0"/><line nr="27" mi="3" ci="0" mb="0" cb="0"/><line nr="28" mi="3" ci="0" mb="0" cb="0"/><line nr="29" mi="3" ci="0" mb="0" cb="0"/><line nr="30" mi="5" ci="0" mb="0" cb="0"/><line nr="31" mi="1" ci="0" mb="0" cb="0"/><line nr="33" mi="3" ci="0" mb="0" cb="0"/><line nr="40" mi="3" ci="0" mb="0" cb="0"/><line nr="49" mi="3" ci="0" mb="0" cb="0"/><line nr="58" mi="3" ci="0" mb="0" cb="0"/><line nr="67" mi="3" ci="0" mb="0" cb="0"/><line nr="72" mi="3" ci="0" mb="0" cb="0"/><line nr="77" mi="3" ci="0" mb="0" cb="0"/><line nr="81" mi="5" ci="0" mb="0" cb="0"/><line nr="83" mi="5" ci="0" mb="0" cb="0"/><line nr="84" mi="5" ci="0" mb="0" cb="0"/><line nr="85" mi="1" ci="0" mb="0" cb="0"/><line nr="86" mi="2" ci="0" mb="0" cb="0"/><line nr="87" mi="2" ci="0" mb="0" cb="0"/><line nr="88" mi="1" ci="0" mb="0" cb="0"/><line nr="89" mi="2" ci="0" mb="0" cb="0"/><line nr="94" mi="6" ci="0" mb="0" cb="0"/><line nr="95" mi="2" ci="0" mb="2" cb="0"/><line nr="96" mi="2" ci="0" mb="0" cb="0"/><line nr="97" mi="6" ci="0" mb="0" cb="0"/><line nr="98" mi="2" ci="0" mb="2" cb="0"/><line nr="99" mi="2" ci="0" mb="0" cb="0"/><line nr="100" mi="2" ci="0" mb="0" cb="0"/><counter type="INSTRUCTION" missed="86" covered="0"/><counter type="BRANCH" missed="4" covered="0"/><counter type="LINE" missed="29" covered="0"/><counter type="COMPLEXITY" missed="12" covered="0"/><counter type="METHOD" missed="10" covered="0"/><counter type="CLASS" missed="1" covered="0"/></sourcefile><sourcefile name="TextDumper.java"><line nr="34" mi="2" ci="0" mb="0" cb="0"/><line nr="35" mi="2" ci="0" mb="0" cb="0"/><line nr="36" mi="2" ci="0" mb="0" cb="0"/><line nr="37" mi="10" ci="0" mb="0" cb="0"/><line nr="38" mi="13" ci="0" mb="0" cb="0"/><line nr="39" mi="2" ci="0" mb="0" cb="0"/><line nr="40" mi="2" ci="0" mb="0" cb="0"/><line nr="41" mi="2" ci="0" mb="2" cb="0"/><line nr="42" mi="2" ci="0" mb="0" cb="0"/><line nr="43" mi="2" ci="0" mb="2" cb="0"/><line nr="44" mi="17" ci="0" mb="0" cb="0"/><line nr="45" mi="3" ci="0" mb="0" cb="0"/><line nr="48" mi="13" ci="0" mb="0" cb="0"/><line nr="49" mi="4" ci="0" mb="0" cb="0"/><line nr="51" mi="3" ci="0" mb="0" cb="0"/><line nr="53" mi="1" ci="0" mb="0" cb="0"/><line nr="61" mi="3" ci="0" mb="0" cb="0"/><line nr="62" mi="1" ci="0" mb="0" cb="0"/><line nr="73" mi="2" ci="0" mb="0" cb="0"/><line nr="74" mi="3" ci="0" mb="0" cb="0"/><line nr="75" mi="3" ci="0" mb="0" cb="0"/><line nr="76" mi="3" ci="0" mb="0" cb="0"/><line nr="77" mi="3" ci="0" mb="0" cb="0"/><line nr="78" mi="3" ci="0" mb="0" cb="0"/><line nr="79" mi="1" ci="0" mb="0" cb="0"/><line nr="87" mi="3" ci="0" mb="0" cb="0"/><counter type="INSTRUCTION" missed="105" covered="0"/><counter type="BRANCH" missed="4" covered="0"/><counter type="LINE" missed="26" covered="0"/><counter type="COMPLEXITY" missed="6" covered="0"/><counter type="METHOD" missed="4" covered="0"/><counter type="CLASS" missed="1" covered="0"/></sourcefile><sourcefile name="PrettyPrinter.java"><line nr="31" mi="2" ci="0" mb="0" cb="0"/><line nr="32" mi="3" ci="0" mb="0" cb="0"/><line nr="33" mi="6" ci="0" mb="0" cb="0"/><line nr="34" mi="1" ci="0" mb="0" cb="0"/><line nr="45" mi="6" ci="0" mb="0" cb="0"/><line nr="47" mi="6" ci="0" mb="0" cb="0"/><line nr="49" mi="6" ci="0" mb="0" cb="0"/><line nr="50" mi="4" ci="0" mb="2" cb="0"/><line nr="51" mi="3" ci="0" mb="0" cb="0"/><line nr="53" mi="4" ci="0" mb="0" cb="0"/><line nr="66" mi="4" ci="0" mb="0" cb="0"/><line nr="69" mi="5" ci="0" mb="0" cb="0"/><line nr="70" mi="3" ci="0" mb="0" cb="0"/><line nr="72" mi="5" ci="0" mb="0" cb="0"/><line nr="75" mi="8" ci="0" mb="2" cb="0"/><line nr="76" mi="8" ci="0" mb="0" cb="0"/><line nr="77" mi="8" ci="0" mb="0" cb="0"/><line nr="79" mi="6" ci="0" mb="0" cb="0"/><line nr="80" mi="6" ci="0" mb="0" cb="0"/><line nr="81" mi="17" ci="0" mb="0" cb="0"/><line nr="82" mi="2" ci="0" mb="0" cb="0"/><line nr="84" mi="3" ci="0" mb="0" cb="0"/><line nr="85" mi="1" ci="0" mb="0" cb="0"/><line nr="99" mi="5" ci="0" mb="0" cb="0"/><line nr="100" mi="2" ci="0" mb="0" cb="0"/><line nr="101" mi="4" ci="0" mb="0" cb="0"/><line nr="102" mi="4" ci="0" mb="2" cb="0"/><line nr="103" mi="4" ci="0" mb="0" cb="0"/><line nr="104" mi="10" ci="0" mb="0" cb="0"/><line nr="105" mi="5" ci="0" mb="0" cb="0"/><line nr="106" mi="2" ci="0" mb="0" cb="0"/><line nr="107" mi="3" ci="0" mb="0" cb="0"/><line nr="109" mi="2" ci="0" mb="0" cb="0"/><line nr="110" mi="8" ci="0" mb="2" cb="0"/><line nr="112" mi="8" ci="0" mb="0" cb="0"/><line nr="113" mi="8" ci="0" mb="0" cb="0"/><line nr="115" mi="6" ci="0" mb="0" cb="0"/><line nr="116" mi="6" ci="0" mb="0" cb="0"/><line nr="117" mi="17" ci="0" mb="0" cb="0"/><line nr="118" mi="2" ci="0" mb="0" cb="0"/><line nr="119" mi="2" ci="0" mb="0" cb="0"/><line nr="122" mi="2" ci="0" mb="0" cb="0"/><line nr="123" mi="2" ci="0" mb="0" cb="0"/><line nr="124" mi="1" ci="0" mb="0" cb="0"/><counter type="INSTRUCTION" missed="220" covered="0"/><counter type="BRANCH" missed="8" covered="0"/><counter type="LINE" missed="44" covered="0"/><counter type="COMPLEXITY" missed="8" covered="0"/><counter type="METHOD" missed="4" covered="0"/><counter type="CLASS" missed="1" covered="0"/></sourcefile><sourcefile name="TextParser.java"><line nr="18" mi="2" ci="0" mb="0" cb="0"/><line nr="20" mi="3" ci="0" mb="0" cb="0"/><line nr="21" mi="3" ci="0" mb="0" cb="0"/><line nr="22" mi="4" ci="0" mb="0" cb="0"/><line nr="35" mi="3" ci="0" mb="0" cb="0"/><line nr="38" mi="6" ci="0" mb="0" cb="0"/><line nr="39" mi="5" ci="0" mb="0" cb="0"/><line nr="40" mi="2" ci="0" mb="0" cb="0"/><line nr="41" mi="2" ci="0" mb="0" cb="0"/><line nr="42" mi="2" ci="0" mb="0" cb="0"/><line nr="44" mi="2" ci="0" mb="0" cb="0"/><line nr="45" mi="5" ci="0" mb="2" cb="0"/><line nr="47" mi="5" ci="0" mb="0" cb="0"/><line nr="49" mi="2" ci="0" mb="0" cb="0"/><line nr="58" mi="5" ci="0" mb="2" cb="0"/><line nr="60" mi="3" ci="0" mb="0" cb="0"/><line nr="61" mi="2" ci="0" mb="0" cb="0"/><line nr="63" mi="6" ci="0" mb="0" cb="0"/><line nr="64" mi="5" ci="0" mb="0" cb="0"/><line nr="66" mi="5" ci="0" mb="0" cb="0"/><line nr="67" mi="5" ci="0" mb="0" cb="0"/><line nr="70" mi="7" ci="0" mb="0" cb="0"/><line nr="71" mi="4" ci="0" mb="0" cb="0"/><line nr="72" mi="4" ci="0" mb="0" cb="0"/><line nr="73" mi="4" ci="0" mb="0" cb="0"/><line nr="76" mi="7" ci="0" mb="0" cb="0"/><line nr="77" mi="4" ci="0" mb="0" cb="0"/><line nr="78" mi="4" ci="0" mb="0" cb="0"/><line nr="79" mi="4" ci="0" mb="0" cb="0"/><line nr="82" mi="9" ci="0" mb="0" cb="0"/><line nr="83" mi="3" ci="0" mb="0" cb="0"/><line nr="84" mi="3" ci="0" mb="0" cb="0"/><line nr="87" mi="2" ci="0" mb="2" cb="0"/><line nr="88" mi="2" ci="0" mb="0" cb="0"/><line nr="89" mi="29" ci="0" mb="0" cb="0"/><line nr="91" mi="22" ci="0" mb="0" cb="0"/><line nr="93" mi="1" ci="0" mb="0" cb="0"/><line nr="95" mi="1" ci="0" mb="0" cb="0"/><line nr="96" mi="3" ci="0" mb="0" cb="0"/><line nr="97" mi="2" ci="0" mb="0" cb="0"/><line nr="99" mi="1" ci="0" mb="0" cb="0"/><line nr="100" mi="3" ci="0" mb="0" cb="0"/><line nr="101" mi="2" ci="0" mb="0" cb="0"/><line nr="102" mi="2" ci="0" mb="0" cb="0"/><line nr="103" mi="3" ci="0" mb="0" cb="0"/><line nr="114" mi="3" ci="0" mb="0" cb="0"/><line nr="115" mi="6" ci="0" mb="0" cb="0"/><line nr="116" mi="3" ci="0" mb="0" cb="0"/><line nr="117" mi="1" ci="0" mb="0" cb="0"/><line nr="126" mi="4" ci="0" mb="2" cb="0"/><line nr="128" mi="2" ci="0" mb="0" cb="0"/><line nr="130" mi="2" ci="0" mb="0" cb="0"/><line nr="140" mi="5" ci="0" mb="0" cb="0"/><line nr="142" mi="3" ci="0" mb="2" cb="0"/><line nr="144" mi="3" ci="0" mb="0" cb="0"/><line nr="146" mi="1" ci="0" mb="0" cb="0"/><line nr="147" mi="3" ci="0" mb="0" cb="0"/><line nr="148" mi="2" ci="0" mb="0" cb="0"/><line nr="149" mi="2" ci="0" mb="0" cb="0"/><line nr="150" mi="1" ci="0" mb="0" cb="0"/><line nr="151" mi="1" ci="0" mb="0" cb="0"/><line nr="160" mi="5" ci="0" mb="2" cb="0"/><line nr="162" mi="3" ci="0" mb="0" cb="0"/><line nr="163" mi="2" ci="0" mb="0" cb="0"/><line nr="165" mi="1" ci="0" mb="0" cb="0"/><line nr="175" mi="4" ci="0" mb="2" cb="0"/><line nr="177" mi="3" ci="0" mb="0" cb="0"/><line nr="178" mi="2" ci="0" mb="0" cb="0"/><line nr="180" mi="1" ci="0" mb="0" cb="0"/><line nr="191" mi="4" ci="0" mb="2" cb="0"/><line nr="193" mi="3" ci="0" mb="0" cb="0"/><line nr="194" mi="2" ci="0" mb="0" cb="0"/><line nr="196" mi="1" ci="0" mb="0" cb="0"/><line nr="207" mi="4" ci="0" mb="2" cb="0"/><line nr="209" mi="3" ci="0" mb="0" cb="0"/><line nr="210" mi="2" ci="0" mb="0" cb="0"/><line nr="212" mi="1" ci="0" mb="0" cb="0"/><line nr="224" mi="4" ci="0" mb="2" cb="0"/><line nr="226" mi="3" ci="0" mb="0" cb="0"/><line nr="227" mi="3" ci="0" mb="0" cb="0"/><line nr="229" mi="4" ci="0" mb="2" cb="0"/><line nr="231" mi="3" ci="0" mb="0" cb="0"/><line nr="232" mi="2" ci="0" mb="0" cb="0"/><line nr="234" mi="1" ci="0" mb="0" cb="0"/><line nr="246" mi="4" ci="0" mb="2" cb="0"/><line nr="248" mi="3" ci="0" mb="0" cb="0"/><line nr="249" mi="3" ci="0" mb="0" cb="0"/><line nr="251" mi="4" ci="0" mb="2" cb="0"/><line nr="253" mi="3" ci="0" mb="0" cb="0"/><line nr="254" mi="2" ci="0" mb="0" cb="0"/><line nr="256" mi="1" ci="0" mb="0" cb="0"/><line nr="258" mi="5" ci="0" mb="0" cb="0"/><line nr="260" mi="4" ci="0" mb="0" cb="0"/><line nr="261" mi="4" ci="0" mb="0" cb="0"/><line nr="262" mi="4" ci="0" mb="2" cb="0"/><line nr="264" mi="3" ci="0" mb="0" cb="0"/><line nr="265" mi="2" ci="0" mb="0" cb="0"/><line nr="267" mi="1" ci="0" mb="0" cb="0"/><line nr="268" mi="2" ci="0" mb="0" cb="0"/><line nr="269" mi="2" ci="0" mb="0" cb="0"/><line nr="270" mi="1" ci="0" mb="0" cb="0"/><line nr="271" mi="1" ci="0" mb="0" cb="0"/><counter type="INSTRUCTION" missed="355" covered="0"/><counter type="BRANCH" missed="28" covered="0"/><counter type="LINE" missed="102" covered="0"/><counter type="COMPLEXITY" missed="26" covered="0"/><counter type="METHOD" missed="12" covered="0"/><counter type="CLASS" missed="1" covered="0"/></sourcefile><sourcefile name="PhoneBill.java"><line nr="15" mi="10" ci="0" mb="0" cb="0"/><line nr="23" mi="2" ci="0" mb="0" cb="0"/><line nr="24" mi="3" ci="0" mb="0" cb="0"/><line nr="26" mi="5" ci="0" mb="0" cb="0"/><line nr="27" mi="3" ci="0" mb="0" cb="0"/><line nr="28" mi="1" ci="0" mb="0" cb="0"/><line nr="30" mi="2" ci="0" mb="0" cb="0"/><line nr="31" mi="1" ci="0" mb="0" cb="0"/><line nr="39" mi="3" ci="0" mb="0" cb="0"/><line nr="48" mi="6" ci="0" mb="0" cb="0"/><line nr="50" mi="1" ci="0" mb="0" cb="0"/><line nr="60" mi="3" ci="0" mb="0" cb="0"/><line nr="62" mi="3" ci="0" mb="0" cb="0"/><counter type="INSTRUCTION" missed="43" covered="0"/><counter type="LINE" missed="13" covered="0"/><counter type="COMPLEXITY" missed="5" covered="0"/><counter type="METHOD" missed="5" covered="0"/><counter type="CLASS" missed="1" covered="0"/></sourcefile><sourcefile name="Project3.java"><line nr="22" mi="3" ci="0" mb="0" cb="0"/><line nr="23" mi="2" ci="0" mb="0" cb="0"/><line nr="24" mi="2" ci="0" mb="0" cb="0"/><line nr="25" mi="3" ci="0" mb="0" cb="0"/><line nr="31" mi="2" ci="0" mb="0" cb="0"/><line nr="33" mi="6" ci="0" mb="0" cb="0"/><line nr="34" mi="3" ci="0" mb="0" cb="0"/><line nr="35" mi="2" ci="0" mb="0" cb="0"/><line nr="36" mi="5" ci="0" mb="0" cb="0"/><line nr="37" mi="5" ci="0" mb="0" cb="0"/><line nr="38" mi="5" ci="0" mb="0" cb="0"/><line nr="39" mi="14" ci="0" mb="0" cb="0"/><line nr="40" mi="5" ci="0" mb="0" cb="0"/><line nr="41" mi="14" ci="0" mb="0" cb="0"/><line nr="42" mi="5" ci="0" mb="0" cb="0"/><line nr="44" mi="2" ci="0" mb="0" cb="0"/><line nr="45" mi="2" ci="0" mb="0" cb="0"/><line nr="46" mi="2" ci="0" mb="0" cb="0"/><line nr="47" mi="9" ci="0" mb="0" cb="0"/><line nr="48" mi="9" ci="0" mb="0" cb="0"/><line nr="49" mi="3" ci="0" mb="0" cb="0"/><line nr="51" mi="3" ci="0" mb="0" cb="0"/><line nr="53" mi="2" ci="0" mb="2" cb="0"/><line nr="55" mi="4" ci="0" mb="0" cb="0"/><line nr="56" mi="7" ci="0" mb="0" cb="0"/><line nr="58" mi="3" ci="0" mb="2" cb="0"/><line nr="60" mi="4" ci="0" mb="0" cb="0"/><line nr="65" mi="3" ci="0" mb="0" cb="0"/><line nr="66" mi="3" ci="0" mb="0" cb="0"/><line nr="68" mi="9" ci="0" mb="0" cb="0"/><line nr="69" mi="3" ci="0" mb="0" cb="0"/><line nr="71" mi="3" ci="0" mb="0" cb="0"/><line nr="72" mi="3" ci="0" mb="0" cb="0"/><line nr="73" mi="1" ci="0" mb="0" cb="0"/><line nr="74" mi="2" ci="0" mb="0" cb="0"/><line nr="75" mi="1" ci="0" mb="0" cb="0"/><line nr="78" mi="12" ci="0" mb="0" cb="0"/><line nr="79" mi="2" ci="0" mb="2" cb="0"/><line nr="80" mi="5" ci="0" mb="0" cb="0"/><line nr="82" mi="3" ci="0" mb="0" cb="0"/><line nr="84" mi="1" ci="0" mb="0" cb="0"/><line nr="85" mi="2" ci="0" mb="0" cb="0"/><line nr="86" mi="1" ci="0" mb="0" cb="0"/><line nr="89" mi="2" ci="0" mb="2" cb="0"/><line nr="90" mi="2" ci="0" mb="0" cb="0"/><line nr="91" mi="2" ci="0" mb="0" cb="0"/><line nr="92" mi="1" ci="0" mb="0" cb="0"/><line nr="101" mi="4" ci="0" mb="2" cb="0"/><line nr="103" mi="4" ci="0" mb="2" cb="0"/><line nr="104" mi="4" ci="0" mb="0" cb="0"/><line nr="106" mi="4" ci="0" mb="2" cb="0"/><line nr="108" mi="4" ci="0" mb="2" cb="0"/><line nr="109" mi="4" ci="0" mb="0" cb="0"/><line nr="111" mi="4" ci="0" mb="2" cb="0"/><line nr="113" mi="4" ci="0" mb="2" cb="0"/><line nr="114" mi="4" ci="0" mb="0" cb="0"/><line nr="116" mi="4" ci="0" mb="2" cb="0"/><line nr="118" mi="4" ci="0" mb="2" cb="0"/><line nr="119" mi="3" ci="0" mb="0" cb="0"/><line nr="121" mi="1" ci="0" mb="0" cb="0"/><line nr="129" mi="5" ci="0" mb="0" cb="0"/><line nr="131" mi="4" ci="0" mb="0" cb="0"/><line nr="132" mi="4" ci="0" mb="0" cb="0"/><line nr="133" mi="4" ci="0" mb="2" cb="0"/><line nr="135" mi="3" ci="0" mb="0" cb="0"/><line nr="136" mi="2" ci="0" mb="0" cb="0"/><line nr="138" mi="1" ci="0" mb="0" cb="0"/><line nr="139" mi="2" ci="0" mb="0" cb="0"/><line nr="140" mi="2" ci="0" mb="0" cb="0"/><line nr="141" mi="1" ci="0" mb="0" cb="0"/><line nr="142" mi="1" ci="0" mb="0" cb="0"/><line nr="152" mi="4" ci="0" mb="2" cb="0"/><line nr="154" mi="3" ci="0" mb="0" cb="0"/><line nr="155" mi="2" ci="0" mb="0" cb="0"/><line nr="157" mi="1" ci="0" mb="0" cb="0"/><line nr="168" mi="4" ci="0" mb="2" cb="0"/><line nr="170" mi="3" ci="0" mb="0" cb="0"/><line nr="171" mi="2" ci="0" mb="0" cb="0"/><line nr="173" mi="1" ci="0" mb="0" cb="0"/><line nr="184" mi="4" ci="0" mb="2" cb="0"/><line nr="186" mi="3" ci="0" mb="0" cb="0"/><line nr="187" mi="2" ci="0" mb="0" cb="0"/><line nr="189" mi="1" ci="0" mb="0" cb="0"/><line nr="201" mi="4" ci="0" mb="2" cb="0"/><line nr="203" mi="3" ci="0" mb="0" cb="0"/><line nr="204" mi="3" ci="0" mb="0" cb="0"/><line nr="206" mi="4" ci="0" mb="2" cb="0"/><line nr="208" mi="3" ci="0" mb="0" cb="0"/><line nr="209" mi="2" ci="0" mb="0" cb="0"/><line nr="211" mi="1" ci="0" mb="0" cb="0"/><line nr="223" mi="4" ci="0" mb="2" cb="0"/><line nr="225" mi="3" ci="0" mb="0" cb="0"/><line nr="226" mi="3" ci="0" mb="0" cb="0"/><line nr="228" mi="4" ci="0" mb="2" cb="0"/><line nr="230" mi="3" ci="0" mb="0" cb="0"/><line nr="231" mi="2" ci="0" mb="0" cb="0"/><line nr="233" mi="1" ci="0" mb="0" cb="0"/><line nr="244" mi="4" ci="0" mb="2" cb="0"/><line nr="246" mi="6" ci="0" mb="0" cb="0"/><line nr="247" mi="2" ci="0" mb="0" cb="0"/><line nr="249" mi="4" ci="0" mb="2" cb="0"/><line nr="251" mi="2" ci="0" mb="0" cb="0"/><line nr="252" mi="4" ci="0" mb="0" cb="0"/><line nr="253" mi="6" ci="0" mb="0" cb="0"/><line nr="254" mi="5" ci="0" mb="0" cb="0"/><line nr="256" mi="6" ci="0" mb="0" cb="0"/><line nr="257" mi="2" ci="0" mb="0" cb="0"/><line nr="259" mi="4" ci="0" mb="2" cb="0"/><line nr="261" mi="2" ci="0" mb="0" cb="0"/><line nr="262" mi="4" ci="0" mb="0" cb="0"/><line nr="263" mi="6" ci="0" mb="0" cb="0"/><line nr="264" mi="5" ci="0" mb="0" cb="0"/><line nr="265" mi="6" ci="0" mb="0" cb="0"/><line nr="267" mi="2" ci="0" mb="0" cb="0"/><line nr="269" mi="2" ci="0" mb="0" cb="0"/><line nr="282" mi="3" ci="0" mb="2" cb="0"/><line nr="283" mi="3" ci="0" mb="0" cb="0"/><line nr="284" mi="3" ci="0" mb="0" cb="0"/><line nr="286" mi="4" ci="0" mb="2" cb="0"/><line nr="287" mi="3" ci="0" mb="0" cb="0"/><line nr="288" mi="3" ci="0" mb="0" cb="0"/><line nr="290" mi="4" ci="0" mb="2" cb="0"/><line nr="292" mi="3" ci="0" mb="0" cb="0"/><line nr="293" mi="2" ci="0" mb="0" cb="0"/><line nr="296" mi="1" ci="0" mb="0" cb="0"/><line nr="303" mi="7" ci="0" mb="0" cb="0"/><line nr="304" mi="1" ci="0" mb="0" cb="0"/><line nr="313" mi="8" ci="0" mb="2" cb="0"/><line nr="315" mi="6" ci="0" mb="2" cb="0"/><line nr="317" mi="1" ci="0" mb="0" cb="0"/><line nr="318" mi="2" ci="0" mb="0" cb="0"/><line nr="321" mi="1" ci="0" mb="0" cb="0"/><line nr="329" mi="3" ci="0" mb="0" cb="0"/><line nr="334" mi="3" ci="0" mb="0" cb="0"/><line nr="348" mi="1" ci="0" mb="0" cb="0"/><counter type="INSTRUCTION" missed="468" covered="0"/><counter type="BRANCH" missed="56" covered="0"/><counter type="LINE" missed="135" covered="0"/><counter type="COMPLEXITY" missed="43" covered="0"/><counter type="METHOD" missed="15" covered="0"/><counter type="CLASS" missed="1" covered="0"/></sourcefile><counter type="INSTRUCTION" missed="1277" covered="0"/><counter type="BRANCH" missed="100" covered="0"/><counter type="LINE" missed="349" covered="0"/><counter type="COMPLEXITY" missed="100" covered="0"/><counter type="METHOD" missed="50" covered="0"/><counter type="CLASS" missed="6" covered="0"/></package><counter type="INSTRUCTION" missed="1277" covered="0"/><counter type="BRANCH" missed="100" covered="0"/><counter type="LINE" missed="349" covered="0"/><counter type="COMPLEXITY" missed="100" covered="0"/><counter type="METHOD" missed="50" covered="0"/><counter type="CLASS" missed="6" covered="0"/></report>