GROUP,PACKAGE,CLASS,INSTRUCTION_MISSED,INSTRUCTION_COVERED,BRANCH_MISSED,BRANCH_COVERED,LINE_MISSED,LINE_COVERED,COMPLEXITY_MISSED,COMPLEXITY_COVERED,METHOD_MISSED,METHOD_COVERED
CS410J Phone Bill Project,edu.pdx.cs410J.hui2,Project3,468,0,56,0,135,0,43,0,15,0
CS410J Phone Bill Project,edu.pdx.cs410J.hui2,TextDumper,105,0,4,0,26,0,6,0,4,0
CS410J Phone Bill Project,edu.pdx.cs410J.hui2,PrettyPrinter,220,0,8,0,44,0,8,0,4,0
CS410J Phone Bill Project,edu.pdx.cs410J.hui2,TextParser,355,0,28,0,102,0,26,0,12,0
CS410J Phone Bill Project,edu.pdx.cs410J.hui2,PhoneCall,86,0,4,0,29,0,12,0,10,0
CS410J Phone Bill Project,edu.pdx.cs410J.hui2,PhoneBill,43,0,0,0,13,0,5,0,5,0
